Removed Pin From Net: NetName=GND Pin=D201-2
Removed Pin From Net: NetName=USB_FLT_N Pin=D201-3
Removed Pin From Net: NetName=USB_FLT_P Pin=D201-4
Removed Pin From Net: NetName=VBUS Pin=D201-5
Removed Pin From Net: NetName=GND Pin=J200-A1
Removed Pin From Net: NetName=VBUS Pin=J200-A4
Removed Pin From Net: NetName=NetJ200_A5 Pin=J200-A5
Removed Pin From Net: NetName=USB_FLT_P Pin=J200-A6
Removed Pin From Net: NetName=USB_FLT_N Pin=J200-A7
Removed Pin From Net: NetName=VBUS Pin=J200-A9
Removed Pin From Net: NetName=GND Pin=J200-A12
Removed Pin From Net: NetName=GND Pin=J200-B1
Removed Pin From Net: NetName=VBUS Pin=J200-B4
Removed Pin From Net: NetName=NetJ200_B5 Pin=J200-B5
Removed Pin From Net: NetName=USB_FLT_P Pin=J200-B6
Removed Pin From Net: NetName=USB_FLT_N Pin=J200-B7
Removed Pin From Net: NetName=VBUS Pin=J200-B9
Removed Pin From Net: NetName=GND Pin=J200-B12
Removed Pin From Net: NetName=GND Pin=J200-S1
Removed Pin From Net: NetName=GND Pin=J200-S2
Removed Pin From Net: NetName=GND Pin=J200-S3
Removed Pin From Net: NetName=GND Pin=J200-S4
Removed Pin From Net: NetName=NetJ201_1 Pin=J201-1
Removed Pin From Net: NetName=NetJ201_2 Pin=J201-2
Removed Pin From Net: NetName=NetJ201_3 Pin=J201-3
Removed Pin From Net: NetName=NetJ201_4 Pin=J201-4
Removed Pin From Net: NetName=NetJ201_5 Pin=J201-5
Removed Pin From Net: NetName=NetJ201_6 Pin=J201-6
Removed Pin From Net: NetName=NetJ201_7 Pin=J201-7
Removed Pin From Net: NetName=NetJ201_8 Pin=J201-8
Removed Pin From Net: NetName=NetJ201_9 Pin=J201-9
Removed Pin From Net: NetName=GND Pin=J201-10
Removed Pin From Net: NetName=3V3 Pin=J202-1
Removed Pin From Net: NetName=Vbat Pin=J202-2
Removed Pin From Net: NetName=VBUS Pin=J202-3
Removed Pin From Net: NetName=NetJ202_4 Pin=J202-4
Removed Pin From Net: NetName=NetJ202_5 Pin=J202-5
Removed Pin From Net: NetName=NetJ202_6 Pin=J202-6
Removed Pin From Net: NetName=NetJ202_7 Pin=J202-7
Removed Pin From Net: NetName=EN Pin=J202-9
Removed Pin From Net: NetName=GND Pin=J202-10
Removed Pin From Net: NetName=GPIO0 Pin=J203-1
Removed Pin From Net: NetName=GND Pin=J203-2
Removed Pin From Net: NetName=USB_D_N Pin=L200-1
Removed Pin From Net: NetName=USB_FLT_N Pin=L200-2
Removed Pin From Net: NetName=USB_FLT_P Pin=L200-3
Removed Pin From Net: NetName=USB_D_P Pin=L200-4
Removed Pin From Net: NetName=Vbat_UNCUT Pin=P200-1
Removed Pin From Net: NetName=GND Pin=P201-1
Removed Pin From Net: NetName=GND Pin=R201-1
Removed Pin From Net: NetName=NetJ200_A5 Pin=R201-2
Removed Pin From Net: NetName=GND Pin=R204-1
Removed Pin From Net: NetName=NetJ200_B5 Pin=R204-2
Change Component Designator: OldDesignator=C102 NewDesignator=C104
Change Component Designator: OldDesignator=C103 NewDesignator=C102
Change Component Designator: OldDesignator=C104 NewDesignator=C103
Change Component Designator: OldDesignator=C108 NewDesignator=C107
Change Component Designator: OldDesignator=C109 NewDesignator=C108
Change Component Designator: OldDesignator=C110 NewDesignator=C109
Change Component Designator: OldDesignator=C111 NewDesignator=C110
Change Component Designator: OldDesignator=R203 NewDesignator=R204
Added Component: Designator=D201(824011)
Added Component: Designator=J200(USB4085-GF-A)
Added Component: Designator=J201(TE_1-826629-0)
Added Component: Designator=J202(TE_1-826629-0)
Added Component: Designator=J203(61300211121)
Added Component: Designator=L200(744232090)
Added Component: Designator=P200(Plage CMS 10x5)
Add component (AddParameter): Name = "Fabricant"; Value = ""; VariantName = "[No Variations]"
Add component (AddParameter): Name = "Footprint_statut"; Value = "ok"; VariantName = "[No Variations]"
Add component (AddParameter): Name = "PN"; Value = "L30"; VariantName = "[No Variations]"
Add component (AddParameter): Name = "PN_Fab"; Value = ""; VariantName = "[No Variations]"
Add component (AddParameter): Name = "Value"; Value = "Plage CMS 10x5"; VariantName = "[No Variations]"
Added Component: Designator=P201(Plage CMS 10x5)
Add component (AddParameter): Name = "Fabricant"; Value = ""; VariantName = "[No Variations]"
Add component (AddParameter): Name = "Footprint_statut"; Value = "ok"; VariantName = "[No Variations]"
Add component (AddParameter): Name = "PN"; Value = "L30"; VariantName = "[No Variations]"
Add component (AddParameter): Name = "PN_Fab"; Value = ""; VariantName = "[No Variations]"
Add component (AddParameter): Name = "Value"; Value = "Plage CMS 10x5"; VariantName = "[No Variations]"
Added Component: Designator=R201(RESC1005X06N)
Added Component: Designator=R203(RESC1005X06N)
Added Pin To Net: NetName=GND Pin=D201-2
Added Pin To Net: NetName=USB_FLT_N Pin=D201-3
Added Pin To Net: NetName=USB_FLT_P Pin=D201-4
Added Pin To Net: NetName=VBUS Pin=D201-5
Added Pin To Net: NetName=GND Pin=J200-A1
Added Pin To Net: NetName=VBUS Pin=J200-A4
Added Pin To Net: NetName=NetJ200_A5 Pin=J200-A5
Added Pin To Net: NetName=USB_FLT_P Pin=J200-A6
Added Pin To Net: NetName=USB_FLT_N Pin=J200-A7
Added Pin To Net: NetName=VBUS Pin=J200-A9
Added Pin To Net: NetName=GND Pin=J200-A12
Added Pin To Net: NetName=GND Pin=J200-B1
Added Pin To Net: NetName=VBUS Pin=J200-B4
Added Pin To Net: NetName=NetJ200_B5 Pin=J200-B5
Added Pin To Net: NetName=USB_FLT_P Pin=J200-B6
Added Pin To Net: NetName=USB_FLT_N Pin=J200-B7
Added Pin To Net: NetName=VBUS Pin=J200-B9
Added Pin To Net: NetName=GND Pin=J200-B12
Added Pin To Net: NetName=GND Pin=J200-S1
Added Pin To Net: NetName=GND Pin=J200-S2
Added Pin To Net: NetName=GND Pin=J200-S3
Added Pin To Net: NetName=GND Pin=J200-S4
Added Pin To Net: NetName=NetJ201_1 Pin=J201-1
Added Pin To Net: NetName=NetJ201_2 Pin=J201-2
Added Pin To Net: NetName=NetJ201_3 Pin=J201-3
Added Pin To Net: NetName=NetJ201_4 Pin=J201-4
Added Pin To Net: NetName=NetJ201_5 Pin=J201-5
Added Pin To Net: NetName=NetJ201_6 Pin=J201-6
Added Pin To Net: NetName=NetJ201_7 Pin=J201-7
Added Pin To Net: NetName=NetJ201_8 Pin=J201-8
Added Pin To Net: NetName=NetJ201_9 Pin=J201-9
Added Pin To Net: NetName=GND Pin=J201-10
Added Pin To Net: NetName=3V3 Pin=J202-1
Added Pin To Net: NetName=Vbat Pin=J202-2
Added Pin To Net: NetName=VBUS Pin=J202-3
Added Pin To Net: NetName=NetJ202_4 Pin=J202-4
Added Pin To Net: NetName=NetJ202_5 Pin=J202-5
Added Pin To Net: NetName=NetJ202_6 Pin=J202-6
Added Pin To Net: NetName=NetJ202_7 Pin=J202-7
Added Pin To Net: NetName=EN Pin=J202-9
Added Pin To Net: NetName=GND Pin=J202-10
Added Pin To Net: NetName=GPIO0 Pin=J203-1
Added Pin To Net: NetName=GND Pin=J203-2
Added Pin To Net: NetName=USB_D_N Pin=L200-1
Added Pin To Net: NetName=USB_FLT_N Pin=L200-2
Added Pin To Net: NetName=USB_FLT_P Pin=L200-3
Added Pin To Net: NetName=USB_D_P Pin=L200-4
Added Pin To Net: NetName=Vbat_UNCUT Pin=P200-1
Added Pin To Net: NetName=GND Pin=P201-1
Added Pin To Net: NetName=GND Pin=R201-1
Added Pin To Net: NetName=NetJ200_A5 Pin=R201-2
Added Pin To Net: NetName=GND Pin=R203-1
Added Pin To Net: NetName=NetJ200_B5 Pin=R203-2
Change Net Name : Old Net Name=NetC109_1 New Net Name=NetC108_1
Change Net Name : Old Net Name=NetR203_2 New Net Name=NetR204_2
Added Member To Class: ClassName=Sheet1 Member=Component C103 0.1uF
Added Member To Class: ClassName=Sheet1 Member=Component C104 1uF
Added Member To Class: ClassName=Sheet1 Member=Component C108 1.2pF
Added Member To Class: ClassName=Sheet1 Member=Component C110 0.1uF
Added Member To Class: ClassName=Sheet2 Member=Component D201 824011
Added Member To Class: ClassName=Sheet2 Member=Component J200 Connecteur USB
Added Member To Class: ClassName=Sheet2 Member=Component J201 1-826629-0
Added Member To Class: ClassName=Sheet2 Member=Component J202 1-826629-0
Added Member To Class: ClassName=Sheet2 Member=Component J203 61300211121
Added Member To Class: ClassName=Sheet2 Member=Component L200 Filtre en mode commun
Added Member To Class: ClassName=Sheet2 Member=Component P200 Plage CMS 10x5
Added Member To Class: ClassName=Sheet2 Member=Component P201 Plage CMS 10x5
Added Member To Class: ClassName=Sheet2 Member=Component R201 5K1
Added Member To Class: ClassName=Sheet2 Member=Component R203 5K1
Added Member To Class: ClassName=Sheet2 Member=Component R204 10K
Added Member To Class: ClassName=Sheet2 Member=Component R205 100k
Added Rule: Name=Schematic Differential Pairs Routing_1
Added Rule: Name=Schematic Differential Pairs Routing_2
Added Rule: Name=Schematic Differential Pairs Routing_3
Added Rule: Name=Schematic Differential Pairs Routing_4
