Replace Part B200 NN01-102 in C:\Users\Utilisateur\Desktop\CoursYnov\M2\ESP32_Project\Sheet2.SchDoc with NN01-102 from SCHLibrary.SchLib
Replace Part C200 Capacitor in C:\Users\Utilisateur\Desktop\CoursYnov\M2\ESP32_Project\Sheet2.SchDoc with Capacitor from SCHLibrary.SchLib
Replace Part C201 Capacitor in C:\Users\Utilisateur\Desktop\CoursYnov\M2\ESP32_Project\Sheet2.SchDoc with Capacitor from SCHLibrary.SchLib
Replace Part C202 Capacitor in C:\Users\Utilisateur\Desktop\CoursYnov\M2\ESP32_Project\Sheet2.SchDoc with Capacitor from SCHLibrary.SchLib
Replace Part C203 Capacitor in C:\Users\Utilisateur\Desktop\CoursYnov\M2\ESP32_Project\Sheet2.SchDoc with Capacitor from SCHLibrary.SchLib
Replace Part C204 Capacitor in C:\Users\Utilisateur\Desktop\CoursYnov\M2\ESP32_Project\Sheet2.SchDoc with Capacitor from SCHLibrary.SchLib
Replace Part D200 LED150121M153000 in C:\Users\Utilisateur\Desktop\CoursYnov\M2\ESP32_Project\Sheet2.SchDoc with LED150121M153000 from SCHLibrary.SchLib
Replace Part D201 824011 in C:\Users\Utilisateur\Desktop\CoursYnov\M2\ESP32_Project\Sheet2.SchDoc with 824011 from SCHLibrary.SchLib
Replace Part DARR200 SD103AWS-7-F in C:\Users\Utilisateur\Desktop\CoursYnov\M2\ESP32_Project\Sheet2.SchDoc with SD103AWS-7-F from SCHLibrary.SchLib
Replace Part J200 USB4085-GF-A in C:\Users\Utilisateur\Desktop\CoursYnov\M2\ESP32_Project\Sheet2.SchDoc with USB4085-GF-A from SCHLibrary.SchLib
Replace Part J201 1-826629-0 in C:\Users\Utilisateur\Desktop\CoursYnov\M2\ESP32_Project\Sheet2.SchDoc with 1-826629-0 from SCHLibrary.SchLib
Replace Part J202 1-826629-0 in C:\Users\Utilisateur\Desktop\CoursYnov\M2\ESP32_Project\Sheet2.SchDoc with 1-826629-0 from SCHLibrary.SchLib
Replace Part J203 61300211121 in C:\Users\Utilisateur\Desktop\CoursYnov\M2\ESP32_Project\Sheet2.SchDoc with 61300211121 from SCHLibrary.SchLib
Replace Part L200 744232090 in C:\Users\Utilisateur\Desktop\CoursYnov\M2\ESP32_Project\Sheet2.SchDoc with 744232090 from SCHLibrary.SchLib
Replace Part Q200 SI3139K-TP in C:\Users\Utilisateur\Desktop\CoursYnov\M2\ESP32_Project\Sheet2.SchDoc with SI3139K-TP from SCHLibrary.SchLib
Replace Part R200 Resistor in C:\Users\Utilisateur\Desktop\CoursYnov\M2\ESP32_Project\Sheet2.SchDoc with Resistor from SCHLibrary.SchLib
Replace Part R201 Resistor in C:\Users\Utilisateur\Desktop\CoursYnov\M2\ESP32_Project\Sheet2.SchDoc with Resistor from SCHLibrary.SchLib
Replace Part R202 Resistor in C:\Users\Utilisateur\Desktop\CoursYnov\M2\ESP32_Project\Sheet2.SchDoc with Resistor from SCHLibrary.SchLib
Replace Part R203 Resistor in C:\Users\Utilisateur\Desktop\CoursYnov\M2\ESP32_Project\Sheet2.SchDoc with Resistor from SCHLibrary.SchLib
Replace Part R204 Resistor in C:\Users\Utilisateur\Desktop\CoursYnov\M2\ESP32_Project\Sheet2.SchDoc with Resistor from SCHLibrary.SchLib
Replace Part R205 Resistor in C:\Users\Utilisateur\Desktop\CoursYnov\M2\ESP32_Project\Sheet2.SchDoc with Resistor from SCHLibrary.SchLib
Replace Part U200 BatteryManager in C:\Users\Utilisateur\Desktop\CoursYnov\M2\ESP32_Project\Sheet2.SchDoc with BatteryManager from SCHLibrary.SchLib
Replace Part U201 NCP167BMX330TBG in C:\Users\Utilisateur\Desktop\CoursYnov\M2\ESP32_Project\Sheet2.SchDoc with NCP167BMX330TBG from SCHLibrary.SchLib
