Change Component Designator: Old Designator=C1 New Designator=C100
Change Component Designator: Old Designator=C2 New Designator=C101
Change Component Designator: Old Designator=C3 New Designator=C102
Change Component Designator: Old Designator=C4 New Designator=C103
Change Component Designator: Old Designator=C5 New Designator=C104
Change Component Designator: Old Designator=C6 New Designator=C106
Change Component Designator: Old Designator=C7 New Designator=C107
Change Component Designator: Old Designator=C8 New Designator=C108
Change Component Designator: Old Designator=C9 New Designator=C105
Change Component Designator: Old Designator=C10 New Designator=C110
Change Component Designator: Old Designator=C11 New Designator=C111
Change Component Designator: Old Designator=C12 New Designator=C112
Change Component Designator: Old Designator=C13 New Designator=C113
Change Component Designator: Old Designator=C14 New Designator=C114
Change Component Designator: Old Designator=C15 New Designator=C115
Change Component Designator: Old Designator=C16 New Designator=C116
Change Component Designator: Old Designator=C17 New Designator=C117
Change Component Designator: Old Designator=C18 New Designator=C118
Change Component Designator: Old Designator=C19 New Designator=C119
Change Component Designator: Old Designator=C20 New Designator=C120
Change Component Designator: Old Designator=C21 New Designator=C121
Change Component Designator: Old Designator=C? New Designator=C109
Change Component Designator: Old Designator=L1 New Designator=L100
Change Component Designator: Old Designator=L2 New Designator=L101
Change Component Designator: Old Designator=R1 New Designator=R100
Change Component Designator: Old Designator=R2 New Designator=R102
Change Component Designator: Old Designator=R3 New Designator=R103
Change Component Designator: Old Designator=R4 New Designator=R104
Change Component Designator: Old Designator=R? New Designator=R101
Change Component Designator: Old Designator=U1 New Designator=U100
Change Component Designator: Old Designator=U1 New Designator=U100
Change Component Designator: Old Designator=U1 New Designator=U100
Change Component Designator: Old Designator=U2 New Designator=U101
Change Component Designator: Old Designator=U2 New Designator=U101
Change Component Designator: Old Designator=U3 New Designator=U102
