Change Component Designator: Old Designator=B200 New Designator=B?
Change Component Designator: Old Designator=C200 New Designator=C?
Change Component Designator: Old Designator=C201 New Designator=C?
Change Component Designator: Old Designator=C202 New Designator=C?
Change Component Designator: Old Designator=C203 New Designator=C?
Change Component Designator: Old Designator=D200 New Designator=D?
Change Component Designator: Old Designator=D201 New Designator=D?
Change Component Designator: Old Designator=DARR200 New Designator=DARR?
Change Component Designator: Old Designator=J200 New Designator=J?
Change Component Designator: Old Designator=J201 New Designator=J?
Change Component Designator: Old Designator=J202 New Designator=J?
Change Component Designator: Old Designator=J203 New Designator=J?
Change Component Designator: Old Designator=L200 New Designator=L?
Change Component Designator: Old Designator=P200 New Designator=P?
Change Component Designator: Old Designator=P201 New Designator=P?
Change Component Designator: Old Designator=Q200 New Designator=Q?
Change Component Designator: Old Designator=R200 New Designator=R?
Change Component Designator: Old Designator=R201 New Designator=R?
Change Component Designator: Old Designator=R202 New Designator=R?
Change Component Designator: Old Designator=R203 New Designator=R?
Change Component Designator: Old Designator=R204 New Designator=R?
Change Component Designator: Old Designator=R205 New Designator=R?
Change Component Designator: Old Designator=U200 New Designator=U?
Change Component Designator: Old Designator=U201 New Designator=U?
