Change Component Designator: Old Designator=B? New Designator=B200
Change Component Designator: Old Designator=C22 New Designator=C200
Change Component Designator: Old Designator=C23 New Designator=C201
Change Component Designator: Old Designator=C? New Designator=C202
Change Component Designator: Old Designator=C? New Designator=C203
Change Component Designator: Old Designator=D1 New Designator=D200
Change Component Designator: Old Designator=D2 New Designator=D201
Change Component Designator: Old Designator=DARR1 New Designator=DARR200
Change Component Designator: Old Designator=J1 New Designator=J201
Change Component Designator: Old Designator=J? New Designator=J200
Change Component Designator: Old Designator=J? New Designator=J202
Change Component Designator: Old Designator=L3 New Designator=L200
Change Component Designator: Old Designator=P? New Designator=P200
Change Component Designator: Old Designator=P? New Designator=P201
Change Component Designator: Old Designator=Q1 New Designator=Q200
Change Component Designator: Old Designator=R5 New Designator=R200
Change Component Designator: Old Designator=R6 New Designator=R201
Change Component Designator: Old Designator=R7 New Designator=R204
Change Component Designator: Old Designator=R8 New Designator=R202
Change Component Designator: Old Designator=R9 New Designator=R203
Change Component Designator: Old Designator=R9 New Designator=R205
Change Component Designator: Old Designator=U4 New Designator=U200
Change Component Designator: Old Designator=U5 New Designator=U201
