Replace Part C100 Capacitor in C:\Users\Utilisateur\Desktop\CoursYnov\M2\ESP32_Project\Sheet1.SchDoc with Capacitor from SCHLibrary.SchLib
Replace Part C101 Capacitor in C:\Users\Utilisateur\Desktop\CoursYnov\M2\ESP32_Project\Sheet1.SchDoc with Capacitor from SCHLibrary.SchLib
Replace Part C102 Capacitor in C:\Users\Utilisateur\Desktop\CoursYnov\M2\ESP32_Project\Sheet1.SchDoc with Capacitor from SCHLibrary.SchLib
Replace Part C103 Capacitor in C:\Users\Utilisateur\Desktop\CoursYnov\M2\ESP32_Project\Sheet1.SchDoc with Capacitor from SCHLibrary.SchLib
Replace Part C104 Capacitor in C:\Users\Utilisateur\Desktop\CoursYnov\M2\ESP32_Project\Sheet1.SchDoc with Capacitor from SCHLibrary.SchLib
Replace Part C105 Capacitor in C:\Users\Utilisateur\Desktop\CoursYnov\M2\ESP32_Project\Sheet1.SchDoc with Capacitor from SCHLibrary.SchLib
Replace Part C106 Capacitor in C:\Users\Utilisateur\Desktop\CoursYnov\M2\ESP32_Project\Sheet1.SchDoc with Capacitor from SCHLibrary.SchLib
Replace Part C107 Capacitor in C:\Users\Utilisateur\Desktop\CoursYnov\M2\ESP32_Project\Sheet1.SchDoc with Capacitor from SCHLibrary.SchLib
Replace Part C108 Capacitor in C:\Users\Utilisateur\Desktop\CoursYnov\M2\ESP32_Project\Sheet1.SchDoc with Capacitor from SCHLibrary.SchLib
Replace Part C109 Capacitor in C:\Users\Utilisateur\Desktop\CoursYnov\M2\ESP32_Project\Sheet1.SchDoc with Capacitor from SCHLibrary.SchLib
Replace Part C110 Capacitor in C:\Users\Utilisateur\Desktop\CoursYnov\M2\ESP32_Project\Sheet1.SchDoc with Capacitor from SCHLibrary.SchLib
Replace Part L100 Bobine in C:\Users\Utilisateur\Desktop\CoursYnov\M2\ESP32_Project\Sheet1.SchDoc with Bobine from SCHLibrary.SchLib
Replace Part Q100 SS8050-G in C:\Users\Utilisateur\Desktop\CoursYnov\M2\ESP32_Project\Sheet1.SchDoc with SS8050-G from SCHLibrary.SchLib
Replace Part Q101 SS8050-G in C:\Users\Utilisateur\Desktop\CoursYnov\M2\ESP32_Project\Sheet1.SchDoc with SS8050-G from SCHLibrary.SchLib
Replace Part R100 Resistor in C:\Users\Utilisateur\Desktop\CoursYnov\M2\ESP32_Project\Sheet1.SchDoc with Resistor from SCHLibrary.SchLib
Replace Part R101 Resistor in C:\Users\Utilisateur\Desktop\CoursYnov\M2\ESP32_Project\Sheet1.SchDoc with Resistor from SCHLibrary.SchLib
Replace Part R102 Resistor in C:\Users\Utilisateur\Desktop\CoursYnov\M2\ESP32_Project\Sheet1.SchDoc with Resistor from SCHLibrary.SchLib
Replace Part R103 Resistor in C:\Users\Utilisateur\Desktop\CoursYnov\M2\ESP32_Project\Sheet1.SchDoc with Resistor from SCHLibrary.SchLib
Replace Part R104 Resistor in C:\Users\Utilisateur\Desktop\CoursYnov\M2\ESP32_Project\Sheet1.SchDoc with Resistor from SCHLibrary.SchLib
Replace Part R105 Resistor in C:\Users\Utilisateur\Desktop\CoursYnov\M2\ESP32_Project\Sheet1.SchDoc with Resistor from SCHLibrary.SchLib
Replace Part R106 Resistor in C:\Users\Utilisateur\Desktop\CoursYnov\M2\ESP32_Project\Sheet1.SchDoc with Resistor from SCHLibrary.SchLib
Replace Part U100 ESP32 in C:\Users\Utilisateur\Desktop\CoursYnov\M2\ESP32_Project\Sheet1.SchDoc with ESP32 from SCHLibrary.SchLib
Replace Part U100 ESP32 in C:\Users\Utilisateur\Desktop\CoursYnov\M2\ESP32_Project\Sheet1.SchDoc with ESP32 from SCHLibrary.SchLib
Replace Part U100 ESP32 in C:\Users\Utilisateur\Desktop\CoursYnov\M2\ESP32_Project\Sheet1.SchDoc with ESP32 from SCHLibrary.SchLib
Replace Part U101 USBBridge in C:\Users\Utilisateur\Desktop\CoursYnov\M2\ESP32_Project\Sheet1.SchDoc with USBBridge from SCHLibrary.SchLib
Replace Part U101 USBBridge in C:\Users\Utilisateur\Desktop\CoursYnov\M2\ESP32_Project\Sheet1.SchDoc with USBBridge from SCHLibrary.SchLib
Replace Part U102 SRAM in C:\Users\Utilisateur\Desktop\CoursYnov\M2\ESP32_Project\Sheet1.SchDoc with SRAM from SCHLibrary.SchLib
