Change Component Designator: Old Designator=B? New Designator=B200
Change Component Designator: Old Designator=C? New Designator=C200
Change Component Designator: Old Designator=C? New Designator=C201
Change Component Designator: Old Designator=C? New Designator=C202
Change Component Designator: Old Designator=C? New Designator=C203
Change Component Designator: Old Designator=D? New Designator=D200
Change Component Designator: Old Designator=D? New Designator=D201
Change Component Designator: Old Designator=DARR? New Designator=DARR200
Change Component Designator: Old Designator=J? New Designator=J200
Change Component Designator: Old Designator=J? New Designator=J201
Change Component Designator: Old Designator=J? New Designator=J202
Change Component Designator: Old Designator=J? New Designator=J203
Change Component Designator: Old Designator=L? New Designator=L200
Change Component Designator: Old Designator=P? New Designator=P200
Change Component Designator: Old Designator=P? New Designator=P201
Change Component Designator: Old Designator=Q? New Designator=Q200
Change Component Designator: Old Designator=R? New Designator=R200
Change Component Designator: Old Designator=R? New Designator=R201
Change Component Designator: Old Designator=R? New Designator=R202
Change Component Designator: Old Designator=R? New Designator=R203
Change Component Designator: Old Designator=R? New Designator=R204
Change Component Designator: Old Designator=R? New Designator=R205
Change Component Designator: Old Designator=U? New Designator=U200
Change Component Designator: Old Designator=U? New Designator=U201
